<?xml version="1.0" encoding="UTF-8"?>
<!-- Generated by org.testng.reporters.JUnitXMLReporter -->
<testsuite hostname="DESKTOP-5BDCR5P" ignored="7" name="Smoke Test" tests="4" failures="0" timestamp="2022-12-13T20:32:39 GMT" time="59.536" errors="0">
  <testcase name="verifyProductAddedToShoppingCartSuccessFully" time="24.627" classname="com.tutorialsninja.testsuite.desktops.DesktopsTest"/>
  <testcase name="verifyUserShouldNavigateToLaptopsAndNotebooksPageSuccessfully" time="1.185" classname="com.tutorialsninja.testsuite.homepage.TopMenuTest"/>
  <testcase name="verifyThatUserPlaceOrderSuccessfully" time="14.438" classname="com.tutorialsninja.testsuite.laptopsandnotebooks.LaptopsAndNotebooksTest"/>
  <testcase name="verifyUserShouldNavigateToLoginPageSuccessfully" time="0.474" classname="com.tutorialsninja.testsuite.myaccounts.MyAccountsTest"/>
  <testcase name="verifyProductsPriceDisplayHighToLowSuccessfully" time="0.0" classname="com.tutorialsninja.testsuite.laptopsandnotebooks.LaptopsAndNotebooksTest">
    <ignored/>
  </testcase> <!-- verifyProductsPriceDisplayHighToLowSuccessfully -->
  <testcase name="verifyThatUserShouldLoginAndLogoutSuccessfully" time="0.0" classname="com.tutorialsninja.testsuite.myaccounts.MyAccountsTest">
    <ignored/>
  </testcase> <!-- verifyThatUserShouldLoginAndLogoutSuccessfully -->
  <testcase name="verifyUserShouldNavigateToRegisterPageSuccessfully" time="0.0" classname="com.tutorialsninja.testsuite.myaccounts.MyAccountsTest">
    <ignored/>
  </testcase> <!-- verifyUserShouldNavigateToRegisterPageSuccessfully -->
  <testcase name="verifyUserShouldNavigateToDesktopsPageSuccessfully" time="0.0" classname="com.tutorialsninja.testsuite.homepage.TopMenuTest">
    <ignored/>
  </testcase> <!-- verifyUserShouldNavigateToDesktopsPageSuccessfully -->
  <testcase name="verifyThatUserRegisterAccountSuccessfully" time="0.0" classname="com.tutorialsninja.testsuite.myaccounts.MyAccountsTest">
    <ignored/>
  </testcase> <!-- verifyThatUserRegisterAccountSuccessfully -->
  <testcase name="verifyProductArrangeInAlphabeticalOrder" time="0.0" classname="com.tutorialsninja.testsuite.desktops.DesktopsTest">
    <ignored/>
  </testcase> <!-- verifyProductArrangeInAlphabeticalOrder -->
  <testcase name="verifyUserShouldNavigateToComponentsPageSuccessfully" time="0.0" classname="com.tutorialsninja.testsuite.homepage.TopMenuTest">
    <ignored/>
  </testcase> <!-- verifyUserShouldNavigateToComponentsPageSuccessfully -->
</testsuite> <!-- Smoke Test -->
