<?xml version="1.0" encoding="UTF-8"?>
<!-- Generated by org.testng.reporters.JUnitXMLReporter -->
<testsuite hostname="DESKTOP-5BDCR5P" ignored="7" name="Sanity Test" tests="4" failures="0" timestamp="2022-12-13T20:34:55 GMT" time="42.959" errors="0">
  <testcase name="verifyProductArrangeInAlphabeticalOrder" time="1.787" classname="com.tutorialsninja.testsuite.desktops.DesktopsTest"/>
  <testcase name="verifyUserShouldNavigateToDesktopsPageSuccessfully" time="1.15" classname="com.tutorialsninja.testsuite.homepage.TopMenuTest"/>
  <testcase name="verifyProductsPriceDisplayHighToLowSuccessfully" time="1.819" classname="com.tutorialsninja.testsuite.laptopsandnotebooks.LaptopsAndNotebooksTest"/>
  <testcase name="verifyUserShouldNavigateToRegisterPageSuccessfully" time="20.87" classname="com.tutorialsninja.testsuite.myaccounts.MyAccountsTest"/>
  <testcase name="verifyProductAddedToShoppingCartSuccessFully" time="0.0" classname="com.tutorialsninja.testsuite.desktops.DesktopsTest">
    <ignored/>
  </testcase> <!-- verifyProductAddedToShoppingCartSuccessFully -->
  <testcase name="verifyUserShouldNavigateToLoginPageSuccessfully" time="0.0" classname="com.tutorialsninja.testsuite.myaccounts.MyAccountsTest">
    <ignored/>
  </testcase> <!-- verifyUserShouldNavigateToLoginPageSuccessfully -->
  <testcase name="verifyThatUserShouldLoginAndLogoutSuccessfully" time="0.0" classname="com.tutorialsninja.testsuite.myaccounts.MyAccountsTest">
    <ignored/>
  </testcase> <!-- verifyThatUserShouldLoginAndLogoutSuccessfully -->
  <testcase name="verifyUserShouldNavigateToLaptopsAndNotebooksPageSuccessfully" time="0.0" classname="com.tutorialsninja.testsuite.homepage.TopMenuTest">
    <ignored/>
  </testcase> <!-- verifyUserShouldNavigateToLaptopsAndNotebooksPageSuccessfully -->
  <testcase name="verifyThatUserRegisterAccountSuccessfully" time="0.0" classname="com.tutorialsninja.testsuite.myaccounts.MyAccountsTest">
    <ignored/>
  </testcase> <!-- verifyThatUserRegisterAccountSuccessfully -->
  <testcase name="verifyUserShouldNavigateToComponentsPageSuccessfully" time="0.0" classname="com.tutorialsninja.testsuite.homepage.TopMenuTest">
    <ignored/>
  </testcase> <!-- verifyUserShouldNavigateToComponentsPageSuccessfully -->
  <testcase name="verifyThatUserPlaceOrderSuccessfully" time="0.0" classname="com.tutorialsninja.testsuite.laptopsandnotebooks.LaptopsAndNotebooksTest">
    <ignored/>
  </testcase> <!-- verifyThatUserPlaceOrderSuccessfully -->
</testsuite> <!-- Sanity Test -->
