<?xml version="1.0" encoding="UTF-8"?>
<!-- Generated by org.testng.reporters.JUnitXMLReporter -->
<testsuite hostname="DESKTOP-5BDCR5P" ignored="0" name="Regression Test" tests="11" failures="0" timestamp="2022-12-13T20:38:04 GMT" time="153.825" errors="0">
  <testcase name="verifyProductAddedToShoppingCartSuccessFully" time="13.223" classname="com.tutorialsninja.testsuite.desktops.DesktopsTest"/>
  <testcase name="verifyProductArrangeInAlphabeticalOrder" time="1.706" classname="com.tutorialsninja.testsuite.desktops.DesktopsTest"/>
  <testcase name="verifyUserShouldNavigateToComponentsPageSuccessfully" time="1.441" classname="com.tutorialsninja.testsuite.homepage.TopMenuTest"/>
  <testcase name="verifyUserShouldNavigateToDesktopsPageSuccessfully" time="1.394" classname="com.tutorialsninja.testsuite.homepage.TopMenuTest"/>
  <testcase name="verifyUserShouldNavigateToLaptopsAndNotebooksPageSuccessfully" time="1.77" classname="com.tutorialsninja.testsuite.homepage.TopMenuTest"/>
  <testcase name="verifyProductsPriceDisplayHighToLowSuccessfully" time="2.557" classname="com.tutorialsninja.testsuite.laptopsandnotebooks.LaptopsAndNotebooksTest"/>
  <testcase name="verifyThatUserPlaceOrderSuccessfully" time="22.583" classname="com.tutorialsninja.testsuite.laptopsandnotebooks.LaptopsAndNotebooksTest"/>
  <testcase name="verifyThatUserRegisterAccountSuccessfully" time="24.285" classname="com.tutorialsninja.testsuite.myaccounts.MyAccountsTest"/>
  <testcase name="verifyThatUserShouldLoginAndLogoutSuccessfully" time="2.16" classname="com.tutorialsninja.testsuite.myaccounts.MyAccountsTest"/>
  <testcase name="verifyUserShouldNavigateToLoginPageSuccessfully" time="1.932" classname="com.tutorialsninja.testsuite.myaccounts.MyAccountsTest"/>
  <testcase name="verifyUserShouldNavigateToRegisterPageSuccessfully" time="20.868" classname="com.tutorialsninja.testsuite.myaccounts.MyAccountsTest"/>
</testsuite> <!-- Regression Test -->
