<?xml version="1.0" encoding="UTF-8"?>
<testsuite name="Regression Test"
           tests="2"
           failures="0"
           errors="0"
           skipped="0"
           time="14.929">
  <properties />
  
  
            <testcase name="verifyProductAddedToShoppingCartSuccessFully" time="13.223" classname="com.tutorialsninja.testsuite.desktops.DesktopsTest" />
                <testcase name="verifyProductArrangeInAlphabeticalOrder" time="1.706" classname="com.tutorialsninja.testsuite.desktops.DesktopsTest" />
      
</testsuite>
